app/build/outputs/logs/manifest-merger-debug-report.txt
-- Merging decision tree log ---
manifest
ADDED from src\main\AndroidManifest.xml:2:1-111:12
	package
		ADDED from src\main\AndroidManifest.xml:4:5-46
		INJECTED from src\main\AndroidManifest.xml
		INJECTED from src\main\AndroidManifest.xml
	android:versionName
		INJECTED from src\main\AndroidManifest.xml
		INJECTED from src\main\AndroidManifest.xml
	xmlns:tools
		ADDED from src\main\AndroidManifest.xml:3:5-51
	xmlns:android
		ADDED from src\main\AndroidManifest.xml:2:11-69
	android:versionCode
		INJECTED from src\main\AndroidManifest.xml
		INJECTED from src\main\AndroidManifest.xml
uses-permission#android.permission.CALL_PHONE
ADDED from src\main\AndroidManifest.xml:5:5-69
	android:name
		ADDED from src\main\AndroidManifest.xml:5:22-66
uses-permission#android.permission.INTERNET
ADDED from src\main\AndroidManifest.xml:6:5-67
	android:name
		ADDED from src\main\AndroidManifest.xml:6:22-64
uses-permission#android.permission.WRITE_EXTERNAL_STORAGE
ADDED from src\main\AndroidManifest.xml:7:5-81
	android:name
		ADDED from src\main\AndroidManifest.xml:7:22-78
application
ADDED from src\main\AndroidManifest.xml:9:5-107:19
MERGED from [com.android.support:design:23.2.1] AndroidManifest.xml:22:5-20
MERGED from [com.android.support:appcompat-v7:23.2.1] AndroidManifest.xml:25:5-20
MERGED from [com.android.support:animated-vector-drawable:23.2.1] AndroidManifest.xml:7:5-20
MERGED from [com.android.support:support-vector-drawable:23.2.1] AndroidManifest.xml:7:5-20
MERGED from [com.android.support:support-v4:23.2.1] AndroidManifest.xml:22:5-20
MERGED from [com.android.volley:volley:1.0.0] AndroidManifest.xml:9:5-20
MERGED from [com.github.amigold.fundapter:library:1.0] AndroidManifest.xml:5:5-7:19
MERGED from [de.hdodenhof:circleimageview:2.1.0] AndroidManifest.xml:9:5-20
	android:label
		ADDED from src\main\AndroidManifest.xml:12:9-41
	android:supportsRtl
		ADDED from src\main\AndroidManifest.xml:13:9-35
	android:allowBackup
		ADDED from src\main\AndroidManifest.xml:10:9-35
	android:icon
		ADDED from src\main\AndroidManifest.xml:11:9-37
		REJECTED from [com.github.amigold.fundapter:library:1.0] AndroidManifest.xml:5:45-81
	android:theme
		ADDED from src\main\AndroidManifest.xml:14:9-40
	tools:replace
		ADDED from src\main\AndroidManifest.xml:15:9-37
activity#spinner.example.com.buanewtotal.spscreen
ADDED from src\main\AndroidManifest.xml:16:9-24:20
	android:label
		ADDED from src\main\AndroidManifest.xml:18:13-45
	android:name
		ADDED from src\main\AndroidManifest.xml:17:13-37
intent-filter#android.intent.action.MAIN+android.intent.category.LAUNCHER
ADDED from src\main\AndroidManifest.xml:19:13-23:29
action#android.intent.action.MAIN
ADDED from src\main\AndroidManifest.xml:20:17-69
	android:name
		ADDED from src\main\AndroidManifest.xml:20:25-66
category#android.intent.category.LAUNCHER
ADDED from src\main\AndroidManifest.xml:22:17-77
	android:name
		ADDED from src\main\AndroidManifest.xml:22:27-74
activity#spinner.example.com.buanewtotal.MainActivity
ADDED from src\main\AndroidManifest.xml:25:9-33:20
	android:theme
		ADDED from src\main\AndroidManifest.xml:27:13-56
	android:name
		ADDED from src\main\AndroidManifest.xml:26:13-41
intent-filter#android.intent.action.MAIN+android.intent.category.DEFAULT
ADDED from src\main\AndroidManifest.xml:28:13-32:29
category#android.intent.category.DEFAULT
ADDED from src\main\AndroidManifest.xml:31:17-76
	android:name
		ADDED from src\main\AndroidManifest.xml:31:27-73
activity#spinner.example.com.buanewtotal.Main2Activity
ADDED from src\main\AndroidManifest.xml:35:9-39:20
	android:name
		ADDED from src\main\AndroidManifest.xml:35:19-48
meta-data#android.support.PARENT_ACTIVITY
ADDED from src\main\AndroidManifest.xml:36:13-38:49
	android:value
		ADDED from src\main\AndroidManifest.xml:38:17-46
	android:name
		ADDED from src\main\AndroidManifest.xml:37:17-63
activity#spinner.example.com.buanewtotal.CountrycodeActivity
ADDED from src\main\AndroidManifest.xml:40:9-44:70
	android:label
		ADDED from src\main\AndroidManifest.xml:42:13-39
	android:noHistory
		ADDED from src\main\AndroidManifest.xml:43:13-37
	android:theme
		ADDED from src\main\AndroidManifest.xml:44:13-67
	android:name
		ADDED from src\main\AndroidManifest.xml:41:13-48
activity#spinner.example.com.buanewtotal.register
ADDED from src\main\AndroidManifest.xml:47:9-51:20
	android:name
		ADDED from src\main\AndroidManifest.xml:47:19-43
activity#spinner.example.com.buanewtotal.login4
ADDED from src\main\AndroidManifest.xml:52:9-56:20
	android:name
		ADDED from src\main\AndroidManifest.xml:52:19-41
activity#spinner.example.com.buanewtotal.login5
ADDED from src\main\AndroidManifest.xml:58:9-62:20
	android:name
		ADDED from src\main\AndroidManifest.xml:58:19-41
activity#spinner.example.com.buanewtotal.newBuaList
ADDED from src\main\AndroidManifest.xml:63:9-67:20
	android:name
		ADDED from src\main\AndroidManifest.xml:63:19-45
activity#spinner.example.com.buanewtotal.newDetail
ADDED from src\main\AndroidManifest.xml:69:9-73:20
	android:name
		ADDED from src\main\AndroidManifest.xml:69:19-44
activity#spinner.example.com.buanewtotal.newPartBualist
ADDED from src\main\AndroidManifest.xml:74:9-78:20
	android:name
		ADDED from src\main\AndroidManifest.xml:74:19-49
activity#spinner.example.com.buanewtotal.newPartDetail
ADDED from src\main\AndroidManifest.xml:79:9-84:20
	android:name
		ADDED from src\main\AndroidManifest.xml:79:19-48
activity#spinner.example.com.buanewtotal.loginbua
ADDED from src\main\AndroidManifest.xml:85:9-89:20
	android:name
		ADDED from src\main\AndroidManifest.xml:85:19-43
activity#spinner.example.com.buanewtotal.buafullreg
ADDED from src\main\AndroidManifest.xml:91:9-95:20
	android:name
		ADDED from src\main\AndroidManifest.xml:91:19-45
activity#spinner.example.com.buanewtotal.buaPARTreg
ADDED from src\main\AndroidManifest.xml:96:9-100:20
	android:name
		ADDED from src\main\AndroidManifest.xml:96:19-45
activity#spinner.example.com.buanewtotal.userlistsearch
ADDED from src\main\AndroidManifest.xml:101:9-105:20
	android:name
		ADDED from src\main\AndroidManifest.xml:101:19-49
uses-sdk
INJECTED from src\main\AndroidManifest.xml reason: use-sdk injection requested
MERGED from [com.android.support:design:23.2.1] AndroidManifest.xml:20:5-43
MERGED from [com.android.support:appcompat-v7:23.2.1] AndroidManifest.xml:21:5-23:78
MERGED from [com.android.support:animated-vector-drawable:23.2.1] AndroidManifest.xml:5:5-44
MERGED from [com.android.support:support-vector-drawable:23.2.1] AndroidManifest.xml:5:5-43
MERGED from [com.android.support:recyclerview-v7:23.2.1] AndroidManifest.xml:20:5-43
MERGED from [com.android.support:support-v4:23.2.1] AndroidManifest.xml:20:5-43
MERGED from [com.android.volley:volley:1.0.0] AndroidManifest.xml:7:5-43
MERGED from [com.github.amigold.fundapter:library:1.0] AndroidManifest.xml:3:5-72
MERGED from [de.hdodenhof:circleimageview:2.1.0] AndroidManifest.xml:5:5-7:41
	tools:overrideLibrary
		ADDED from [com.android.support:appcompat-v7:23.2.1] AndroidManifest.xml:23:9-75
	android:targetSdkVersion
		INJECTED from src\main\AndroidManifest.xml
		INJECTED from src\main\AndroidManifest.xml
	android:minSdkVersion
		INJECTED from src\main\AndroidManifest.xml
		INJECTED from src\main\AndroidManifest.xml